<?xml version="1.0" encoding="UTF-8"?>
<!-- Generated by org.testng.reporters.JUnitReportReporter -->
<testsuite hostname="L295-W-MARIRAJP" failures="0" tests="2" name="SRSproject.SRSproject.ProductListPageTest" time="56.589" errors="0" timestamp="2022-04-22T10:01:35 IST" skipped="1">
  <testcase classname="SRSproject.SRSproject.ProductListPageTest" name="AddToCart_Validation" time="56.589"/>
  <system-out/>
  <testcase classname="SRSproject.SRSproject.ProductListPageTest" name="PLP_RegisterRedirection_GuestValidation">
    <skipped/>
  </testcase> <!-- PLP_RegisterRedirection_GuestValidation -->
  <system-out/>
</testsuite> <!-- SRSproject.SRSproject.ProductListPageTest -->
